<?xml version="1.0" encoding="UTF-8"?>
<!-- Generated by org.testng.reporters.JUnitReportReporter -->
<testsuite hostname="Mohan-PC" failures="0" tests="1" name="Practice.Demo" time="44.846" errors="0" timestamp="2023-08-05T19:58:52 IST" skipped="0">
  <testcase classname="Practice.Demo" name="sampleTest" time="44.846"/>
</testsuite> <!-- Practice.Demo -->
